#
# There is insufficient memory for the Java Runtime Environment to continue.
# Native memory allocation (mmap) failed to map 268435456 bytes for G1 virtual space
# Possible reasons:
#   The system is out of physical RAM or swap space
#   The process is running with CompressedOops enabled, and the Java Heap may be blocking the growth of the native heap
# Possible solutions:
#   Reduce memory load on the system
#   Increase physical memory or swap space
#   Check if swap backing store is full
#   Decrease Java heap size (-Xmx/-Xms)
#   Decrease number of Java threads
#   Decrease Java thread stack sizes (-Xss)
#   Set larger code cache with -XX:ReservedCodeCacheSize=
#   JVM is running with Zero Based Compressed Oops mode in which the Java heap is
#     placed in the first 32GB address space. The Java Heap base address is the
#     maximum limit for the native heap growth. Please use -XX:HeapBaseMinAddress
#     to set the Java Heap base and to place the Java Heap above 32GB virtual address.
# This output file may be truncated or incomplete.
#
#  Out of Memory Error (./open/src/hotspot/os/windows/os_windows.cpp:3321), pid=2284, tid=13416
#
# JRE version:  (15.0.2+7) (build )
# Java VM: OpenJDK 64-Bit Server VM (15.0.2+7-27, mixed mode, sharing, tiered, compressed oops, g1 gc, windows-amd64)
# No core dump will be written. Minidumps are not enabled by default on client versions of Windows
#

---------------  S U M M A R Y ------------

Command Line: -Dfile.encoding=Cp1252 -XX:+ShowCodeDetailsInExceptionMessages tp.Carte

Host: Intel(R) Core(TM) i5-9300H CPU @ 2.40GHz, 8 cores, 15G,  Windows 10 , 64 bit Build 17133 (10.0.17133.1)
Time: Tue May 11 16:38:10 2021 Romance Daylight Time elapsed time: 0.007450 seconds (0d 0h 0m 0s)

---------------  T H R E A D  ---------------

Current thread (0x000002744ae25ef0):  JavaThread "Unknown thread" [_thread_in_vm, id=13416, stack(0x0000008429a00000,0x0000008429b00000)]

Stack: [0x0000008429a00000,0x0000008429b00000]
Native frames: (J=compiled Java code, j=interpreted, Vv=VM code, C=native code)
V  [jvm.dll+0x62ae9a]
V  [jvm.dll+0x7817a9]
V  [jvm.dll+0x782f03]
V  [jvm.dll+0x783563]
V  [jvm.dll+0x216325]
V  [jvm.dll+0x6281d9]
V  [jvm.dll+0x61cf55]
V  [jvm.dll+0x2cffdd]
V  [jvm.dll+0x2cfe42]
V  [jvm.dll+0x2d5e1c]
V  [jvm.dll+0x32590a]
V  [jvm.dll+0x324fd4]
V  [jvm.dll+0x2a6f5a]
V  [jvm.dll+0x2a80f8]
V  [jvm.dll+0x75e241]
V  [jvm.dll+0x3341c4]
V  [jvm.dll+0x73e926]
V  [jvm.dll+0x3b7557]
V  [jvm.dll+0x3b8fe1]
C  [jli.dll+0x52fb]
C  [ucrtbase.dll+0x1c1ae]
C  [KERNEL32.DLL+0x13034]
C  [ntdll.dll+0x71551]


---------------  P R O C E S S  ---------------

Threads class SMR info:
_java_thread_list=0x00007ffdc6644ff0, length=0, elements={
}

Java Threads: ( => current thread )

Other Threads:
  0x000002744ae75140 GCTaskThread "GC Thread#0" [stack: 0x0000008429b00000,0x0000008429c00000] [id=1424]
  0x000002744ae87e20 ConcurrentGCThread "G1 Main Marker" [stack: 0x0000008429c00000,0x0000008429d00000] [id=14864]
  0x000002744ae89aa0 ConcurrentGCThread "G1 Conc#0" [stack: 0x0000008429d00000,0x0000008429e00000] [id=19792]

[error occurred during error reporting (printing all threads), id 0xc0000005, EXCEPTION_ACCESS_VIOLATION (0xc0000005) at pc=0x00007ffdc5e37e27]

VM state: not at safepoint (not fully initialized)

VM Mutex/Monitor currently owned by a thread:  ([mutex/lock_event])
[0x000002744ae22310] Heap_lock - owner thread: 0x000002744ae25ef0

Heap address: 0x0000000701c00000, size: 4068 MB, Compressed Oops mode: Zero based, Oop shift amount: 3
CDS archive(s) mapped at: [0x0000000000000000-0x0000000000000000-0x0000000000000000), size 0, SharedBaseAddress: 0x0000000800000000, ArchiveRelocationMode: 0.
Narrow klass base: 0x0000000000000000, Narrow klass shift: 0, Narrow klass range: 0x0

Heap:
 garbage-first heap   total 262144K, used 0K [0x0000000701c00000, 0x0000000800000000)
  region size 2048K, 0 young (0K), 0 survivors (0K)
 Metaspace       used 0K, capacity 0K, committed 0K, reserved 0K
  class space    used 0K, capacity 0K, committed 0K, reserved 0K

Heap Regions: E=young(eden), S=young(survivor), O=old, HS=humongous(starts), HC=humongous(continues), CS=collection set, F=free, OA=open archive, CA=closed archive, TAMS=top-at-mark-start (previous, next)

Card table byte_map: [0x0000027460280000,0x0000027460a80000] _byte_map_base: 0x000002745ca72000

Marking Bits (Prev, Next): (CMBitMap*) 0x000002744ae769c0, (CMBitMap*) 0x000002744ae76a00
 Prev Bits: [0x0000027461280000, 0x0000027465210000)
 Next Bits: [0x0000027465210000, 0x00000274691a0000)

GC Heap History (0 events):
No events

Deoptimization events (0 events):
No events

Classes unloaded (0 events):
No events

Classes redefined (0 events):
No events

Internal exceptions (0 events):
No events

Events (1 events):
Event: 0.004 Loaded shared library C:\Users\OrdiOne\.p2\pool\plugins\org.eclipse.justj.openjdk.hotspot.jre.full.win32.x86_64_15.0.2.v20210201-0955\jre\bin\java.dll


Dynamic libraries:
0x00007ff680370000 - 0x00007ff68037d000 	C:\Users\OrdiOne\.p2\pool\plugins\org.eclipse.justj.openjdk.hotspot.jre.full.win32.x86_64_15.0.2.v20210201-0955\jre\bin\javaw.exe
0x00007ffdf8080000 - 0x00007ffdf8261000 	C:\Windows\SYSTEM32\ntdll.dll
0x00007ffdf5d90000 - 0x00007ffdf5e42000 	C:\Windows\System32\KERNEL32.DLL
0x00007ffdf44b0000 - 0x00007ffdf4723000 	C:\Windows\System32\KERNELBASE.dll
0x00007ffdf4730000 - 0x00007ffdf482a000 	C:\Windows\System32\ucrtbase.dll
0x00007ffde1a90000 - 0x00007ffde1aa8000 	C:\Users\OrdiOne\.p2\pool\plugins\org.eclipse.justj.openjdk.hotspot.jre.full.win32.x86_64_15.0.2.v20210201-0955\jre\bin\jli.dll
0x00007ffde1a70000 - 0x00007ffde1a89000 	C:\Users\OrdiOne\.p2\pool\plugins\org.eclipse.justj.openjdk.hotspot.jre.full.win32.x86_64_15.0.2.v20210201-0955\jre\bin\VCRUNTIME140.dll
0x00007ffdf56b0000 - 0x00007ffdf5840000 	C:\Windows\System32\USER32.dll
0x00007ffdf48e0000 - 0x00007ffdf4900000 	C:\Windows\System32\win32u.dll
0x00007ffde2bb0000 - 0x00007ffde2e19000 	C:\Windows\WinSxS\amd64_microsoft.windows.common-controls_6595b64144ccf1df_6.0.17133.1_none_e4d992df105abfa4\COMCTL32.dll
0x00007ffdf7870000 - 0x00007ffdf7898000 	C:\Windows\System32\GDI32.dll
0x00007ffdf5610000 - 0x00007ffdf56ae000 	C:\Windows\System32\msvcrt.dll
0x00007ffdf4900000 - 0x00007ffdf4a92000 	C:\Windows\System32\gdi32full.dll
0x00007ffdf58a0000 - 0x00007ffdf5bc3000 	C:\Windows\System32\combase.dll
0x00007ffdf4aa0000 - 0x00007ffdf4b3f000 	C:\Windows\System32\msvcp_win.dll
0x00007ffdf7740000 - 0x00007ffdf7864000 	C:\Windows\System32\RPCRT4.dll
0x00007ffdf4b40000 - 0x00007ffdf4bba000 	C:\Windows\System32\bcryptPrimitives.dll
0x00007ffdf7a20000 - 0x00007ffdf7a4d000 	C:\Windows\System32\IMM32.DLL
0x00007ffde5900000 - 0x00007ffde590c000 	C:\Users\OrdiOne\.p2\pool\plugins\org.eclipse.justj.openjdk.hotspot.jre.full.win32.x86_64_15.0.2.v20210201-0955\jre\bin\vcruntime140_1.dll
0x00007ffdce740000 - 0x00007ffdce7d1000 	C:\Users\OrdiOne\.p2\pool\plugins\org.eclipse.justj.openjdk.hotspot.jre.full.win32.x86_64_15.0.2.v20210201-0955\jre\bin\msvcp140.dll
0x00007ffdc5b80000 - 0x00007ffdc66de000 	C:\Users\OrdiOne\.p2\pool\plugins\org.eclipse.justj.openjdk.hotspot.jre.full.win32.x86_64_15.0.2.v20210201-0955\jre\bin\server\jvm.dll
0x00007ffdf7fa0000 - 0x00007ffdf8041000 	C:\Windows\System32\ADVAPI32.dll
0x00007ffdf5e50000 - 0x00007ffdf5eab000 	C:\Windows\System32\sechost.dll
0x00007ffdf7a10000 - 0x00007ffdf7a18000 	C:\Windows\System32\PSAPI.DLL
0x00007ffdf2690000 - 0x00007ffdf26b3000 	C:\Windows\SYSTEM32\WINMM.dll
0x00007ffde09e0000 - 0x00007ffde09e9000 	C:\Windows\SYSTEM32\WSOCK32.dll
0x00007ffdec810000 - 0x00007ffdec81a000 	C:\Windows\SYSTEM32\VERSION.dll
0x00007ffdf76d0000 - 0x00007ffdf773c000 	C:\Windows\System32\WS2_32.dll
0x00007ffdf2660000 - 0x00007ffdf268a000 	C:\Windows\SYSTEM32\winmmbase.dll
0x00007ffdf54c0000 - 0x00007ffdf5509000 	C:\Windows\System32\cfgmgr32.dll
0x00007ffdf43e0000 - 0x00007ffdf43f1000 	C:\Windows\System32\kernel.appcore.dll
0x00007ffdf0dc0000 - 0x00007ffdf0dca000 	C:\Users\OrdiOne\.p2\pool\plugins\org.eclipse.justj.openjdk.hotspot.jre.full.win32.x86_64_15.0.2.v20210201-0955\jre\bin\jimage.dll
0x00007ffde91e0000 - 0x00007ffde93a9000 	C:\Windows\SYSTEM32\DBGHELP.DLL
0x00007ffde14e0000 - 0x00007ffde1509000 	C:\Windows\SYSTEM32\dbgcore.DLL
0x00007ffde5800000 - 0x00007ffde5825000 	C:\Users\OrdiOne\.p2\pool\plugins\org.eclipse.justj.openjdk.hotspot.jre.full.win32.x86_64_15.0.2.v20210201-0955\jre\bin\java.dll

dbghelp: loaded successfully - version: 4.0.5 - missing functions: none
symbol engine: initialized successfully - sym options: 0x614 - pdb path: .;C:\Users\OrdiOne\.p2\pool\plugins\org.eclipse.justj.openjdk.hotspot.jre.full.win32.x86_64_15.0.2.v20210201-0955\jre\bin;C:\Windows\SYSTEM32;C:\Windows\WinSxS\amd64_microsoft.windows.common-controls_6595b64144ccf1df_6.0.17133.1_none_e4d992df105abfa4;C:\Users\OrdiOne\.p2\pool\plugins\org.eclipse.justj.openjdk.hotspot.jre.full.win32.x86_64_15.0.2.v20210201-0955\jre\bin\server

VM Arguments:
jvm_args: -Dfile.encoding=Cp1252 -XX:+ShowCodeDetailsInExceptionMessages 
java_command: tp.Carte
java_class_path (initial): D:\src\CarteMembre\bin
Launcher Type: SUN_STANDARD

[Global flags]
     intx CICompilerCount                          = 4                                         {product} {ergonomic}
     uint ConcGCThreads                            = 2                                         {product} {ergonomic}
     uint G1ConcRefinementThreads                  = 8                                         {product} {ergonomic}
   size_t G1HeapRegionSize                         = 2097152                                   {product} {ergonomic}
    uintx GCDrainStackTargetSize                   = 64                                        {product} {ergonomic}
   size_t InitialHeapSize                          = 268435456                                 {product} {ergonomic}
   size_t MarkStackSize                            = 4194304                                   {product} {ergonomic}
   size_t MaxHeapSize                              = 4265607168                                {product} {ergonomic}
   size_t MinHeapDeltaBytes                        = 2097152                                   {product} {ergonomic}
   size_t MinHeapSize                              = 8388608                                   {product} {ergonomic}
    uintx NonNMethodCodeHeapSize                   = 5839372                                {pd product} {ergonomic}
    uintx NonProfiledCodeHeapSize                  = 122909434                              {pd product} {ergonomic}
    uintx ProfiledCodeHeapSize                     = 122909434                              {pd product} {ergonomic}
    uintx ReservedCodeCacheSize                    = 251658240                              {pd product} {ergonomic}
     bool SegmentedCodeCache                       = true                                      {product} {ergonomic}
     bool ShowCodeDetailsInExceptionMessages       = true                                   {manageable} {command line}
   size_t SoftMaxHeapSize                          = 4265607168                             {manageable} {ergonomic}
     bool UseCompressedClassPointers               = true                                 {lp64_product} {ergonomic}
     bool UseCompressedOops                        = true                                 {lp64_product} {ergonomic}
     bool UseG1GC                                  = true                                      {product} {ergonomic}
     bool UseLargePagesIndividualAllocation        = false                                  {pd product} {ergonomic}

Logging:
Log output configuration:
 #0: stdout all=warning uptime,level,tags
 #1: stderr all=off uptime,level,tags

Environment Variables:
PATH=C:/Users/OrdiOne/.p2/pool/plugins/org.eclipse.justj.openjdk.hotspot.jre.full.win32.x86_64_15.0.2.v20210201-0955/jre/bin/server;C:/Users/OrdiOne/.p2/pool/plugins/org.eclipse.justj.openjdk.hotspot.jre.full.win32.x86_64_15.0.2.v20210201-0955/jre/bin;C:\Program Files (x86)\Common Files\Intel\Shared Libraries\redist\intel64\compiler;C:\Program Files (x86)\VMware\VMware Workstation\bin\;C:\Windows\system32;C:\Windows;C:\Windows\System32\Wbem;C:\Windows\System32\WindowsPowerShell\v1.0\;C:\Windows\System32\OpenSSH\;C:\Program Files\NVIDIA Corporation\NVIDIA NvDLISR;C:\Program Files (x86)\NVIDIA Corporation\PhysX\Common;C:\src\Git\cmd;D:\src\wamp\bin\php\php7.3.12;C:\Users\OrdiOne\AppData\Local\Microsoft\WindowsApps;C:\src\flutter\flutter\bin;C:\Users\OrdiOne\AppData\Local\Programs\Microsoft VS Code\bin;C:\Users\OrdiOne\AppData\Local\GitHubDesktop\bin;C:\Users\OrdiOne\AppData\Roaming\npm;D:\src\wamp\bin\php\php7.3.12;;C:\Windows\System32;
USERNAME=OrdiOne
OS=Windows_NT
PROCESSOR_IDENTIFIER=Intel64 Family 6 Model 158 Stepping 10, GenuineIntel



---------------  S Y S T E M  ---------------

OS:
 Windows 10 , 64 bit Build 17133 (10.0.17133.1)
OS uptime: 1 days 18:14 hours

CPU: total 8 (initial active 8) (4 cores per cpu, 2 threads per core) family 6 model 158 stepping 10 microcode 0xc6, cmov, cx8, fxsr, mmx, sse, sse2, sse3, ssse3, sse4.1, sse4.2, popcnt, vzeroupper, avx, avx2, aes, clmul, erms, 3dnowpref, lzcnt, ht, tsc, tscinvbit, bmi1, bmi2, adx, fma, clflush, clflushopt

Memory: 4k page, system-wide physical 16264M (3895M free)
TotalPageFile size 46711M (AvailPageFile size 213M)
current process WorkingSet (physical memory assigned to process): 10M, peak: 10M
current process commit charge ("private bytes"): 60M, peak: 316M

vm_info: OpenJDK 64-Bit Server VM (15.0.2+7-27) for windows-amd64 JRE (15.0.2+7-27), built on Dec  7 2020 20:02:38 by "mach5one" with unknown MS VC++:1925

END.
